[0.032s] Invoking command in '/home/jaehwan/rohang25_R1/build/gimbal_control_25': CMAKE_PREFIX_PATH=/home/jaehwan/rohang25_R1/install/yolov11_msgs:/home/jaehwan/rohang25_R1/install/px4_msgs:/home/jaehwan/rohang25_R1/install/rohang25_test:/home/jaehwan/rohang25_R1/install/gimbal_control_25:/home/jaehwan/rohang25_R1/install/geolocation_kf_25:/home/jaehwan/rohang25_R1/install/rohang25:/home/jaehwan/rohang25_R1/install/gscam:/home/jaehwan/rohang25_R1/install/yolov11:/opt/ros/humble LD_LIBRARY_PATH=/home/jaehwan/rohang25_R1/install/yolov11_msgs/lib:/home/jaehwan/rohang25_R1/install/px4_msgs/lib:/home/jaehwan/rohang25_R1/install/rohang25_test/lib:/home/jaehwan/rohang25_R1/install/geolocation_kf_25/lib:/home/jaehwan/rohang25_R1/install/gscam/lib:/home/jaehwan/ws_offboard_control/build/rohang25:/usr/lib/x86_64-linux-gnu/gazebo-11/plugins:/opt/ros/humble/opt/rviz_ogre_vendor/lib:/opt/ros/humble/lib/x86_64-linux-gnu:/opt/ros/humble/lib:/usr/share/gazebo/../../lib/x86_64-linux-gnu/gazebo-11/plugins /usr/bin/cmake --build /home/jaehwan/rohang25_R1/build/gimbal_control_25 -- -j12 -l12
[0.102s] [35m[1mConsolidate compiler generated dependencies of target gimbal_control_node[0m
[0.144s] [ 50%] Built target gimbal_status_node
[0.152s] [ 75%] [32mBuilding CXX object CMakeFiles/gimbal_control_node.dir/src/gimbal_control_node_real.cpp.o[0m
[5.213s] [01m[K/home/jaehwan/rohang25_R1/src/gimbal_control_25/src/gimbal_control_node_real.cpp:[m[K In member function â€˜[01m[Kvoid GimbalControlNode::control_loop()[m[Kâ€™:
[5.213s] [01m[K/home/jaehwan/rohang25_R1/src/gimbal_control_25/src/gimbal_control_node_real.cpp:196:23:[m[K [01;31m[Kerror: [m[Kâ€˜[01m[Knew_pan[m[Kâ€™ was not declared in this scope; did you mean â€˜[01m[Kraw_pan[m[Kâ€™?
[5.213s]   196 |         if (std::fabs([01;31m[Knew_pan[m[K - last_pan_deg_) < DEAD_BAND_DEG &&
[5.213s]       |                       [01;31m[K^~~~~~~[m[K
[5.213s]       |                       [32m[Kraw_pan[m[K
[5.223s] [01m[K/home/jaehwan/rohang25_R1/src/gimbal_control_25/src/gimbal_control_node_real.cpp:197:23:[m[K [01;31m[Kerror: [m[Kâ€˜[01m[Knew_tilt[m[Kâ€™ was not declared in this scope; did you mean â€˜[01m[Kraw_tilt[m[Kâ€™?
[5.223s]   197 |             std::fabs([01;31m[Knew_tilt[m[K - last_tilt_deg_) < DEAD_BAND_DEG) {
[5.223s]       |                       [01;31m[K^~~~~~~~[m[K
[5.223s]       |                       [32m[Kraw_tilt[m[K
[10.799s] gmake[2]: *** [CMakeFiles/gimbal_control_node.dir/build.make:76: CMakeFiles/gimbal_control_node.dir/src/gimbal_control_node_real.cpp.o] Error 1
[10.799s] gmake[1]: *** [CMakeFiles/Makefile2:139: CMakeFiles/gimbal_control_node.dir/all] Error 2
[10.799s] gmake: *** [Makefile:146: all] Error 2
[10.802s] Invoked command in '/home/jaehwan/rohang25_R1/build/gimbal_control_25' returned '2': CMAKE_PREFIX_PATH=/home/jaehwan/rohang25_R1/install/yolov11_msgs:/home/jaehwan/rohang25_R1/install/px4_msgs:/home/jaehwan/rohang25_R1/install/rohang25_test:/home/jaehwan/rohang25_R1/install/gimbal_control_25:/home/jaehwan/rohang25_R1/install/geolocation_kf_25:/home/jaehwan/rohang25_R1/install/rohang25:/home/jaehwan/rohang25_R1/install/gscam:/home/jaehwan/rohang25_R1/install/yolov11:/opt/ros/humble LD_LIBRARY_PATH=/home/jaehwan/rohang25_R1/install/yolov11_msgs/lib:/home/jaehwan/rohang25_R1/install/px4_msgs/lib:/home/jaehwan/rohang25_R1/install/rohang25_test/lib:/home/jaehwan/rohang25_R1/install/geolocation_kf_25/lib:/home/jaehwan/rohang25_R1/install/gscam/lib:/home/jaehwan/ws_offboard_control/build/rohang25:/usr/lib/x86_64-linux-gnu/gazebo-11/plugins:/opt/ros/humble/opt/rviz_ogre_vendor/lib:/opt/ros/humble/lib/x86_64-linux-gnu:/opt/ros/humble/lib:/usr/share/gazebo/../../lib/x86_64-linux-gnu/gazebo-11/plugins /usr/bin/cmake --build /home/jaehwan/rohang25_R1/build/gimbal_control_25 -- -j12 -l12
