[35m[1mConsolidate compiler generated dependencies of target gimbal_control_node[0m
[ 50%] Built target gimbal_status_node
[ 75%] [32mBuilding CXX object CMakeFiles/gimbal_control_node.dir/src/gimbal_control_node_real.cpp.o[0m
[01m[K/home/jaehwan/rohang25_R1/src/gimbal_control_25/src/gimbal_control_node_real.cpp:[m[K In member function â€˜[01m[Kvoid GimbalControlNode::control_loop()[m[Kâ€™:
[01m[K/home/jaehwan/rohang25_R1/src/gimbal_control_25/src/gimbal_control_node_real.cpp:201:9:[m[K [01;31m[Kerror: [m[Kexpected â€˜[01m[K;[m[Kâ€™ before â€˜[01m[Kencode_attitude[m[Kâ€™
  201 |         [01;31m[Kencode_attitude[m[K(new_pan, new_tilt, yaw_hex_, pitch_hex_);
      |         [01;31m[K^~~~~~~~~~~~~~~[m[K
gmake[2]: *** [CMakeFiles/gimbal_control_node.dir/build.make:76: CMakeFiles/gimbal_control_node.dir/src/gimbal_control_node_real.cpp.o] Error 1
gmake[1]: *** [CMakeFiles/Makefile2:139: CMakeFiles/gimbal_control_node.dir/all] Error 2
gmake: *** [Makefile:146: all] Error 2
